This file contains any messages produced by compilers while
running configure, to aid debugging if configure makes a mistake.

It was created by xf86-input-tslib configure 0.0.6, which was
generated by GNU Autoconf 2.61.  Invocation command line was

  $ ./configure 

## --------- ##
## Platform. ##
## --------- ##

hostname = linaro-alip
uname -m = armv7l
uname -r = 3.0.8
uname -s = Linux
uname -v = #1 SMP PREEMPT Mon Sep 3 06:25:12 CEST 2012

/usr/bin/uname -p = unknown
/bin/uname -X     = unknown

/bin/arch              = unknown
/usr/bin/arch -k       = unknown
/usr/convex/getsysinfo = unknown
/usr/bin/hostinfo      = unknown
/bin/machine           = unknown
/usr/bin/oslevel       = unknown
/bin/universe          = unknown

PATH: /usr/local/sbin
PATH: /usr/local/bin
PATH: /usr/sbin
PATH: /usr/bin
PATH: /sbin
PATH: /bin
PATH: /usr/games
PATH: /usr/bin


## ----------- ##
## Core tests. ##
## ----------- ##

configure:2016: checking for a BSD-compatible install
configure:2072: result: /usr/bin/install -c
configure:2083: checking whether build environment is sane
configure:2126: result: yes
configure:2154: checking for a thread-safe mkdir -p
configure:2193: result: /bin/mkdir -p
configure:2206: checking for gawk
configure:2236: result: no
configure:2206: checking for mawk
configure:2222: found /usr/bin/mawk
configure:2233: result: mawk
configure:2244: checking whether make sets $(MAKE)
configure:2265: result: yes
configure:2454: checking whether to enable maintainer-specific portions of Makefiles
configure:2463: result: no
configure:2563: checking build system type
configure:2581: result: armv7l-unknown-linux-gnueabi
configure:2603: checking host system type
configure:2618: result: armv7l-unknown-linux-gnueabi
configure:2652: checking for style of include used by make
configure:2680: result: GNU
configure:2750: checking for gcc
configure:2766: found /usr/bin/gcc
configure:2777: result: gcc
configure:3015: checking for C compiler version
configure:3022: gcc --version >&5
gcc (Ubuntu/Linaro 4.6.3-1ubuntu5) 4.6.3
Copyright (C) 2011 Free Software Foundation, Inc.
This is free software; see the source for copying conditions.  There is NO
warranty; not even for MERCHANTABILITY or FITNESS FOR A PARTICULAR PURPOSE.

configure:3025: $? = 0
configure:3032: gcc -v >&5
Using built-in specs.
COLLECT_GCC=gcc
COLLECT_LTO_WRAPPER=/usr/lib/gcc/arm-linux-gnueabihf/4.6/lto-wrapper
Target: arm-linux-gnueabihf
Configured with: ../src/configure -v --with-pkgversion='Ubuntu/Linaro 4.6.3-1ubuntu5' --with-bugurl=file:///usr/share/doc/gcc-4.6/README.Bugs --enable-languages=c,c++,fortran,objc,obj-c++ --prefix=/usr --program-suffix=-4.6 --enable-shared --enable-linker-build-id --with-system-zlib --libexecdir=/usr/lib --without-included-gettext --enable-threads=posix --with-gxx-include-dir=/usr/include/c++/4.6 --libdir=/usr/lib --enable-nls --with-sysroot=/ --enable-clocale=gnu --enable-libstdcxx-debug --enable-libstdcxx-time=yes --enable-gnu-unique-object --enable-plugin --enable-objc-gc --enable-multilib --disable-sjlj-exceptions --with-arch=armv7-a --with-float=hard --with-fpu=vfpv3-d16 --with-mode=thumb --disable-werror --enable-checking=release --build=arm-linux-gnueabihf --host=arm-linux-gnueabihf --target=arm-linux-gnueabihf
Thread model: posix
gcc version 4.6.3 (Ubuntu/Linaro 4.6.3-1ubuntu5) 
configure:3035: $? = 0
configure:3042: gcc -V >&5
gcc: fatal error: no input files
compilation terminated.
configure:3045: $? = 4
configure:3068: checking for C compiler default output file name
configure:3095: gcc    conftest.c  >&5
configure:3098: $? = 0
configure:3136: result: a.out
configure:3153: checking whether the C compiler works
configure:3163: ./a.out
configure:3166: $? = 0
configure:3183: result: yes
configure:3190: checking whether we are cross compiling
configure:3192: result: no
configure:3195: checking for suffix of executables
configure:3202: gcc -o conftest    conftest.c  >&5
configure:3205: $? = 0
configure:3229: result: 
configure:3235: checking for suffix of object files
configure:3261: gcc -c   conftest.c >&5
configure:3264: $? = 0
configure:3287: result: o
configure:3291: checking whether we are using the GNU C compiler
configure:3320: gcc -c   conftest.c >&5
configure:3326: $? = 0
configure:3343: result: yes
configure:3348: checking whether gcc accepts -g
configure:3378: gcc -c -g  conftest.c >&5
configure:3384: $? = 0
configure:3483: result: yes
configure:3500: checking for gcc option to accept ISO C89
configure:3574: gcc  -c -g -O2  conftest.c >&5
configure:3580: $? = 0
configure:3603: result: none needed
configure:3623: checking dependency style of gcc
configure:3714: result: gcc3
configure:3729: checking for a sed that does not truncate output
configure:3785: result: /bin/sed
configure:3788: checking for grep that handles long lines and -e
configure:3862: result: /bin/grep
configure:3867: checking for egrep
configure:3945: result: /bin/grep -E
configure:3961: checking for ld used by gcc
configure:4028: result: /usr/bin/ld
configure:4037: checking if the linker (/usr/bin/ld) is GNU ld
configure:4052: result: yes
configure:4057: checking for /usr/bin/ld option to reload object files
configure:4064: result: -r
configure:4082: checking for BSD-compatible nm
configure:4131: result: /usr/bin/nm -B
configure:4135: checking whether ln -s works
configure:4139: result: yes
configure:4146: checking how to recognize dependent libraries
configure:4332: result: pass_all
configure:4577: checking how to run the C preprocessor
configure:4617: gcc -E  conftest.c
configure:4623: $? = 0
configure:4654: gcc -E  conftest.c
conftest.c:10:28: fatal error: ac_nonexistent.h: No such file or directory
compilation terminated.
configure:4660: $? = 1
configure: failed program was:
| /* confdefs.h.  */
| #define PACKAGE_NAME "xf86-input-tslib"
| #define PACKAGE_TARNAME "xf86-input-tslib"
| #define PACKAGE_VERSION "0.0.6"
| #define PACKAGE_STRING "xf86-input-tslib 0.0.6"
| #define PACKAGE_BUGREPORT "https://bugs.freedesktop.org/enter_bug.cgi?product=xorg"
| #define PACKAGE "xf86-input-tslib"
| #define VERSION "0.0.6"
| /* end confdefs.h.  */
| #include <ac_nonexistent.h>
configure:4693: result: gcc -E
configure:4722: gcc -E  conftest.c
configure:4728: $? = 0
configure:4759: gcc -E  conftest.c
conftest.c:10:28: fatal error: ac_nonexistent.h: No such file or directory
compilation terminated.
configure:4765: $? = 1
configure: failed program was:
| /* confdefs.h.  */
| #define PACKAGE_NAME "xf86-input-tslib"
| #define PACKAGE_TARNAME "xf86-input-tslib"
| #define PACKAGE_VERSION "0.0.6"
| #define PACKAGE_STRING "xf86-input-tslib 0.0.6"
| #define PACKAGE_BUGREPORT "https://bugs.freedesktop.org/enter_bug.cgi?product=xorg"
| #define PACKAGE "xf86-input-tslib"
| #define VERSION "0.0.6"
| /* end confdefs.h.  */
| #include <ac_nonexistent.h>
configure:4803: checking for ANSI C header files
configure:4833: gcc -c -g -O2  conftest.c >&5
configure:4839: $? = 0
configure:4938: gcc -o conftest -g -O2   conftest.c  >&5
configure:4941: $? = 0
configure:4947: ./conftest
configure:4950: $? = 0
configure:4967: result: yes
configure:4991: checking for sys/types.h
configure:5012: gcc -c -g -O2  conftest.c >&5
configure:5018: $? = 0
configure:5034: result: yes
configure:4991: checking for sys/stat.h
configure:5012: gcc -c -g -O2  conftest.c >&5
configure:5018: $? = 0
configure:5034: result: yes
configure:4991: checking for stdlib.h
configure:5012: gcc -c -g -O2  conftest.c >&5
configure:5018: $? = 0
configure:5034: result: yes
configure:4991: checking for string.h
configure:5012: gcc -c -g -O2  conftest.c >&5
configure:5018: $? = 0
configure:5034: result: yes
configure:4991: checking for memory.h
configure:5012: gcc -c -g -O2  conftest.c >&5
configure:5018: $? = 0
configure:5034: result: yes
configure:4991: checking for strings.h
configure:5012: gcc -c -g -O2  conftest.c >&5
configure:5018: $? = 0
configure:5034: result: yes
configure:4991: checking for inttypes.h
configure:5012: gcc -c -g -O2  conftest.c >&5
configure:5018: $? = 0
configure:5034: result: yes
configure:4991: checking for stdint.h
configure:5012: gcc -c -g -O2  conftest.c >&5
configure:5018: $? = 0
configure:5034: result: yes
configure:4991: checking for unistd.h
configure:5012: gcc -c -g -O2  conftest.c >&5
configure:5018: $? = 0
configure:5034: result: yes
configure:5061: checking dlfcn.h usability
configure:5078: gcc -c -g -O2  conftest.c >&5
configure:5084: $? = 0
configure:5098: result: yes
configure:5102: checking dlfcn.h presence
configure:5117: gcc -E  conftest.c
configure:5123: $? = 0
configure:5137: result: yes
configure:5170: checking for dlfcn.h
configure:5178: result: yes
configure:5249: checking for g++
configure:5279: result: no
configure:5249: checking for c++
configure:5279: result: no
configure:5249: checking for gpp
configure:5279: result: no
configure:5249: checking for aCC
configure:5279: result: no
configure:5249: checking for CC
configure:5279: result: no
configure:5249: checking for cxx
configure:5279: result: no
configure:5249: checking for cc++
configure:5279: result: no
configure:5249: checking for cl.exe
configure:5279: result: no
configure:5249: checking for FCC
configure:5279: result: no
configure:5249: checking for KCC
configure:5279: result: no
configure:5249: checking for RCC
configure:5279: result: no
configure:5249: checking for xlC_r
configure:5279: result: no
configure:5249: checking for xlC
configure:5279: result: no
configure:5307: checking for C++ compiler version
configure:5314: g++ --version >&5
./configure: line 5315: g++: command not found
configure:5317: $? = 127
configure:5324: g++ -v >&5
./configure: line 5325: g++: command not found
configure:5327: $? = 127
configure:5334: g++ -V >&5
./configure: line 5335: g++: command not found
configure:5337: $? = 127
configure:5340: checking whether we are using the GNU C++ compiler
configure:5369: g++ -c   conftest.cpp >&5
./configure: line 5370: g++: command not found
configure:5375: $? = 127
configure: failed program was:
| /* confdefs.h.  */
| #define PACKAGE_NAME "xf86-input-tslib"
| #define PACKAGE_TARNAME "xf86-input-tslib"
| #define PACKAGE_VERSION "0.0.6"
| #define PACKAGE_STRING "xf86-input-tslib 0.0.6"
| #define PACKAGE_BUGREPORT "https://bugs.freedesktop.org/enter_bug.cgi?product=xorg"
| #define PACKAGE "xf86-input-tslib"
| #define VERSION "0.0.6"
| #define STDC_HEADERS 1
| #define HAVE_SYS_TYPES_H 1
| #define HAVE_SYS_STAT_H 1
| #define HAVE_STDLIB_H 1
| #define HAVE_STRING_H 1
| #define HAVE_MEMORY_H 1
| #define HAVE_STRINGS_H 1
| #define HAVE_INTTYPES_H 1
| #define HAVE_STDINT_H 1
| #define HAVE_UNISTD_H 1
| #define HAVE_DLFCN_H 1
| /* end confdefs.h.  */
| 
| int
| main ()
| {
| #ifndef __GNUC__
|        choke me
| #endif
| 
|   ;
|   return 0;
| }
configure:5392: result: no
configure:5397: checking whether g++ accepts -g
configure:5427: g++ -c -g  conftest.cpp >&5
./configure: line 5428: g++: command not found
configure:5433: $? = 127
configure: failed program was:
| /* confdefs.h.  */
| #define PACKAGE_NAME "xf86-input-tslib"
| #define PACKAGE_TARNAME "xf86-input-tslib"
| #define PACKAGE_VERSION "0.0.6"
| #define PACKAGE_STRING "xf86-input-tslib 0.0.6"
| #define PACKAGE_BUGREPORT "https://bugs.freedesktop.org/enter_bug.cgi?product=xorg"
| #define PACKAGE "xf86-input-tslib"
| #define VERSION "0.0.6"
| #define STDC_HEADERS 1
| #define HAVE_SYS_TYPES_H 1
| #define HAVE_SYS_STAT_H 1
| #define HAVE_STDLIB_H 1
| #define HAVE_STRING_H 1
| #define HAVE_MEMORY_H 1
| #define HAVE_STRINGS_H 1
| #define HAVE_INTTYPES_H 1
| #define HAVE_STDINT_H 1
| #define HAVE_UNISTD_H 1
| #define HAVE_DLFCN_H 1
| /* end confdefs.h.  */
| 
| int
| main ()
| {
| 
|   ;
|   return 0;
| }
configure:5465: g++ -c   conftest.cpp >&5
./configure: line 5466: g++: command not found
configure:5471: $? = 127
configure: failed program was:
| /* confdefs.h.  */
| #define PACKAGE_NAME "xf86-input-tslib"
| #define PACKAGE_TARNAME "xf86-input-tslib"
| #define PACKAGE_VERSION "0.0.6"
| #define PACKAGE_STRING "xf86-input-tslib 0.0.6"
| #define PACKAGE_BUGREPORT "https://bugs.freedesktop.org/enter_bug.cgi?product=xorg"
| #define PACKAGE "xf86-input-tslib"
| #define VERSION "0.0.6"
| #define STDC_HEADERS 1
| #define HAVE_SYS_TYPES_H 1
| #define HAVE_SYS_STAT_H 1
| #define HAVE_STDLIB_H 1
| #define HAVE_STRING_H 1
| #define HAVE_MEMORY_H 1
| #define HAVE_STRINGS_H 1
| #define HAVE_INTTYPES_H 1
| #define HAVE_STDINT_H 1
| #define HAVE_UNISTD_H 1
| #define HAVE_DLFCN_H 1
| /* end confdefs.h.  */
| 
| int
| main ()
| {
| 
|   ;
|   return 0;
| }
configure:5504: g++ -c -g  conftest.cpp >&5
./configure: line 5505: g++: command not found
configure:5510: $? = 127
configure: failed program was:
| /* confdefs.h.  */
| #define PACKAGE_NAME "xf86-input-tslib"
| #define PACKAGE_TARNAME "xf86-input-tslib"
| #define PACKAGE_VERSION "0.0.6"
| #define PACKAGE_STRING "xf86-input-tslib 0.0.6"
| #define PACKAGE_BUGREPORT "https://bugs.freedesktop.org/enter_bug.cgi?product=xorg"
| #define PACKAGE "xf86-input-tslib"
| #define VERSION "0.0.6"
| #define STDC_HEADERS 1
| #define HAVE_SYS_TYPES_H 1
| #define HAVE_SYS_STAT_H 1
| #define HAVE_STDLIB_H 1
| #define HAVE_STRING_H 1
| #define HAVE_MEMORY_H 1
| #define HAVE_STRINGS_H 1
| #define HAVE_INTTYPES_H 1
| #define HAVE_STDINT_H 1
| #define HAVE_UNISTD_H 1
| #define HAVE_DLFCN_H 1
| /* end confdefs.h.  */
| 
| int
| main ()
| {
| 
|   ;
|   return 0;
| }
configure:5532: result: no
configure:5557: checking dependency style of g++
configure:5648: result: none
configure:5950: checking for g77
configure:5980: result: no
configure:5950: checking for xlf
configure:5980: result: no
configure:5950: checking for f77
configure:5980: result: no
configure:5950: checking for frt
configure:5980: result: no
configure:5950: checking for pgf77
configure:5980: result: no
configure:5950: checking for cf77
configure:5980: result: no
configure:5950: checking for fort77
configure:5980: result: no
configure:5950: checking for fl32
configure:5980: result: no
configure:5950: checking for af77
configure:5980: result: no
configure:5950: checking for xlf90
configure:5980: result: no
configure:5950: checking for f90
configure:5980: result: no
configure:5950: checking for pgf90
configure:5980: result: no
configure:5950: checking for pghpf
configure:5980: result: no
configure:5950: checking for epcf90
configure:5980: result: no
configure:5950: checking for gfortran
configure:5980: result: no
configure:5950: checking for g95
configure:5980: result: no
configure:5950: checking for xlf95
configure:5980: result: no
configure:5950: checking for f95
configure:5980: result: no
configure:5950: checking for fort
configure:5980: result: no
configure:5950: checking for ifort
configure:5980: result: no
configure:5950: checking for ifc
configure:5980: result: no
configure:5950: checking for efc
configure:5980: result: no
configure:5950: checking for pgf95
configure:5980: result: no
configure:5950: checking for lf95
configure:5980: result: no
configure:5950: checking for ftn
configure:5980: result: no
configure:6007: checking for Fortran 77 compiler version
configure:6014:  --version >&5
./configure: line 6015: --version: command not found
configure:6017: $? = 127
configure:6024:  -v >&5
./configure: line 6025: -v: command not found
configure:6027: $? = 127
configure:6034:  -V >&5
./configure: line 6035: -V: command not found
configure:6037: $? = 127
configure:6045: checking whether we are using the GNU Fortran 77 compiler
configure:6064:  -c  conftest.F >&5
./configure: line 6065: -c: command not found
configure:6070: $? = 127
configure: failed program was:
|       program main
| #ifndef __GNUC__
|        choke me
| #endif
| 
|       end
configure:6087: result: no
configure:6093: checking whether  accepts -g
configure:6110:  -c -g conftest.f >&5
./configure: line 6111: -c: command not found
configure:6116: $? = 127
configure: failed program was:
|       program main
| 
|       end
configure:6132: result: no
configure:6161: checking the maximum length of command line arguments
configure:6273: result: 1572864
configure:6285: checking command to parse /usr/bin/nm -B output from gcc object
configure:6390: gcc -c -g -O2  conftest.c >&5
configure:6393: $? = 0
configure:6397: /usr/bin/nm -B conftest.o \| sed -n -e 's/^.*[ 	]\([ABCDGIRSTW][ABCDGIRSTW]*\)[ 	][ 	]*\([_A-Za-z][_A-Za-z0-9]*\)$/\1 \2 \2/p' \> conftest.nm
configure:6400: $? = 0
configure:6452: gcc -o conftest -g -O2   conftest.c conftstm.o >&5
configure:6455: $? = 0
configure:6493: result: ok
configure:6497: checking for objdir
configure:6512: result: .libs
configure:6604: checking for ar
configure:6620: found /usr/bin/ar
configure:6631: result: ar
configure:6700: checking for ranlib
configure:6716: found /usr/bin/ranlib
configure:6727: result: ranlib
configure:6796: checking for strip
configure:6812: found /usr/bin/strip
configure:6823: result: strip
configure:7421: checking if gcc supports -fno-rtti -fno-exceptions
configure:7439: gcc -c -g -O2  -fno-rtti -fno-exceptions conftest.c >&5
cc1: warning: command line option '-fno-rtti' is valid for C++/ObjC++ but not for C [enabled by default]
configure:7443: $? = 0
configure:7456: result: no
configure:7471: checking for gcc option to produce PIC
configure:7703: result: -fPIC
configure:7711: checking if gcc PIC flag -fPIC works
configure:7729: gcc -c -g -O2  -fPIC -DPIC conftest.c >&5
configure:7733: $? = 0
configure:7746: result: yes
configure:7774: checking if gcc static flag -static works
configure:7802: result: yes
configure:7812: checking if gcc supports -c -o file.o
configure:7833: gcc -c -g -O2  -o out/conftest2.o conftest.c >&5
configure:7837: $? = 0
configure:7859: result: yes
configure:7885: checking whether the gcc linker (/usr/bin/ld) supports shared libraries
configure:8866: result: yes
configure:8887: checking whether -lc should be explicitly linked in
configure:8892: gcc -c -g -O2  conftest.c >&5
configure:8895: $? = 0
configure:8910: gcc -shared conftest.o  -v -Wl,-soname -Wl,conftest -o conftest 2\>\&1 \| grep  -lc  \>/dev/null 2\>\&1
configure:8913: $? = 0
configure:8925: result: no
configure:8933: checking dynamic linker characteristics
configure:9547: result: GNU/Linux ld.so
configure:9571: checking how to hardcode library paths into programs
configure:9596: result: immediate
configure:9610: checking whether stripping libraries is possible
configure:9615: result: yes
configure:10417: checking if libtool supports shared libraries
configure:10419: result: yes
configure:10422: checking whether to build shared libraries
configure:10443: result: yes
configure:10446: checking whether to build static libraries
configure:10450: result: no
configure:10544: creating libtool
configure:19869: checking for gcc
configure:19896: result: gcc
configure:20134: checking for C compiler version
configure:20141: gcc --version >&5
gcc (Ubuntu/Linaro 4.6.3-1ubuntu5) 4.6.3
Copyright (C) 2011 Free Software Foundation, Inc.
This is free software; see the source for copying conditions.  There is NO
warranty; not even for MERCHANTABILITY or FITNESS FOR A PARTICULAR PURPOSE.

configure:20144: $? = 0
configure:20151: gcc -v >&5
Using built-in specs.
COLLECT_GCC=gcc
COLLECT_LTO_WRAPPER=/usr/lib/gcc/arm-linux-gnueabihf/4.6/lto-wrapper
Target: arm-linux-gnueabihf
Configured with: ../src/configure -v --with-pkgversion='Ubuntu/Linaro 4.6.3-1ubuntu5' --with-bugurl=file:///usr/share/doc/gcc-4.6/README.Bugs --enable-languages=c,c++,fortran,objc,obj-c++ --prefix=/usr --program-suffix=-4.6 --enable-shared --enable-linker-build-id --with-system-zlib --libexecdir=/usr/lib --without-included-gettext --enable-threads=posix --with-gxx-include-dir=/usr/include/c++/4.6 --libdir=/usr/lib --enable-nls --with-sysroot=/ --enable-clocale=gnu --enable-libstdcxx-debug --enable-libstdcxx-time=yes --enable-gnu-unique-object --enable-plugin --enable-objc-gc --enable-multilib --disable-sjlj-exceptions --with-arch=armv7-a --with-float=hard --with-fpu=vfpv3-d16 --with-mode=thumb --disable-werror --enable-checking=release --build=arm-linux-gnueabihf --host=arm-linux-gnueabihf --target=arm-linux-gnueabihf
Thread model: posix
gcc version 4.6.3 (Ubuntu/Linaro 4.6.3-1ubuntu5) 
configure:20154: $? = 0
configure:20161: gcc -V >&5
gcc: fatal error: no input files
compilation terminated.
configure:20164: $? = 4
configure:20167: checking whether we are using the GNU C compiler
configure:20219: result: yes
configure:20224: checking whether gcc accepts -g
configure:20359: result: yes
configure:20376: checking for gcc option to accept ISO C89
configure:20479: result: none needed
configure:20499: checking dependency style of gcc
configure:20590: result: gcc3
configure:20668: gcc -c -g -O2 -I/usr/include/xorg  conftest.c >&5
configure:20674: $? = 0
configure:20689: checking if RANDR is defined
configure:20691: result: yes
configure:20726: gcc -c -g -O2 -I/usr/include/xorg  conftest.c >&5
configure:20732: $? = 0
configure:20747: checking if XINPUT is defined
configure:20749: result: yes
configure:20806: checking for pkg-config
configure:20824: found /usr/bin/pkg-config
configure:20836: result: /usr/bin/pkg-config
configure:20865: checking pkg-config is at least version 0.9.0
configure:20868: result: yes
configure:20879: checking for XORG
configure:20887: $PKG_CONFIG --exists --print-errors "xorg-server xproto $REQUIRED_MODULES"
configure:20890: $? = 0
configure:20905: $PKG_CONFIG --exists --print-errors "xorg-server xproto $REQUIRED_MODULES"
configure:20908: $? = 0
configure:20984: result: yes
configure:20995: checking for ts_open in -lts
configure:21030: gcc -o conftest -g -O2 -fvisibility=hidden -I/usr/include/pixman-1 -I/usr/include/xorg    -I$(top_srcdir)/src   conftest.c -lts   >&5
configure:21036: $? = 0
configure:21054: result: yes
configure:21072: checking for ANSI C header files
configure:21236: result: yes
configure:21500: creating ./config.status

## ---------------------- ##
## Running config.status. ##
## ---------------------- ##

This file was extended by xf86-input-tslib config.status 0.0.6, which was
generated by GNU Autoconf 2.61.  Invocation command line was

  CONFIG_FILES    = 
  CONFIG_HEADERS  = 
  CONFIG_LINKS    = 
  CONFIG_COMMANDS = 
  $ ./config.status 

on linaro-alip

config.status:686: creating Makefile
config.status:686: creating src/Makefile
config.status:686: creating man/Makefile
config.status:686: creating config.h
config.status:915: config.h is unchanged
config.status:962: executing depfiles commands

## ---------------- ##
## Cache variables. ##
## ---------------- ##

ac_cv_build=armv7l-unknown-linux-gnueabi
ac_cv_c_compiler_gnu=yes
ac_cv_cxx_compiler_gnu=no
ac_cv_env_CCC_set=
ac_cv_env_CCC_value=
ac_cv_env_CC_set=
ac_cv_env_CC_value=
ac_cv_env_CFLAGS_set=
ac_cv_env_CFLAGS_value=
ac_cv_env_CPPFLAGS_set=
ac_cv_env_CPPFLAGS_value=
ac_cv_env_CPP_set=
ac_cv_env_CPP_value=
ac_cv_env_CXXCPP_set=
ac_cv_env_CXXCPP_value=
ac_cv_env_CXXFLAGS_set=
ac_cv_env_CXXFLAGS_value=
ac_cv_env_CXX_set=
ac_cv_env_CXX_value=
ac_cv_env_F77_set=
ac_cv_env_F77_value=
ac_cv_env_FFLAGS_set=
ac_cv_env_FFLAGS_value=
ac_cv_env_LDFLAGS_set=
ac_cv_env_LDFLAGS_value=
ac_cv_env_LIBS_set=
ac_cv_env_LIBS_value=
ac_cv_env_PKG_CONFIG_set=
ac_cv_env_PKG_CONFIG_value=
ac_cv_env_XORG_CFLAGS_set=
ac_cv_env_XORG_CFLAGS_value=
ac_cv_env_XORG_LIBS_set=
ac_cv_env_XORG_LIBS_value=
ac_cv_env_build_alias_set=
ac_cv_env_build_alias_value=
ac_cv_env_host_alias_set=
ac_cv_env_host_alias_value=
ac_cv_env_target_alias_set=
ac_cv_env_target_alias_value=
ac_cv_f77_compiler_gnu=no
ac_cv_header_dlfcn_h=yes
ac_cv_header_inttypes_h=yes
ac_cv_header_memory_h=yes
ac_cv_header_stdc=yes
ac_cv_header_stdint_h=yes
ac_cv_header_stdlib_h=yes
ac_cv_header_string_h=yes
ac_cv_header_strings_h=yes
ac_cv_header_sys_stat_h=yes
ac_cv_header_sys_types_h=yes
ac_cv_header_unistd_h=yes
ac_cv_host=armv7l-unknown-linux-gnueabi
ac_cv_lib_ts_ts_open=yes
ac_cv_objext=o
ac_cv_path_EGREP='/bin/grep -E'
ac_cv_path_GREP=/bin/grep
ac_cv_path_ac_pt_PKG_CONFIG=/usr/bin/pkg-config
ac_cv_path_install='/usr/bin/install -c'
ac_cv_path_mkdir=/bin/mkdir
ac_cv_prog_AWK=mawk
ac_cv_prog_CPP='gcc -E'
ac_cv_prog_ac_ct_AR=ar
ac_cv_prog_ac_ct_CC=gcc
ac_cv_prog_ac_ct_RANLIB=ranlib
ac_cv_prog_ac_ct_STRIP=strip
ac_cv_prog_cc_c89=
ac_cv_prog_cc_g=yes
ac_cv_prog_cxx_g=no
ac_cv_prog_f77_g=no
ac_cv_prog_make_make_set=yes
am_cv_CC_dependencies_compiler_type=gcc3
am_cv_CXX_dependencies_compiler_type=none
lt_cv_deplibs_check_method=pass_all
lt_cv_file_magic_cmd='$MAGIC_CMD'
lt_cv_file_magic_test_file=
lt_cv_ld_reload_flag=-r
lt_cv_objdir=.libs
lt_cv_path_LD=/usr/bin/ld
lt_cv_path_NM='/usr/bin/nm -B'
lt_cv_path_SED=/bin/sed
lt_cv_prog_compiler_c_o=yes
lt_cv_prog_compiler_pic_works=yes
lt_cv_prog_compiler_rtti_exceptions=no
lt_cv_prog_compiler_static_works=yes
lt_cv_prog_gnu_ld=yes
lt_cv_sys_global_symbol_pipe='sed -n -e '\''s/^.*[ 	]\([ABCDGIRSTW][ABCDGIRSTW]*\)[ 	][ 	]*\([_A-Za-z][_A-Za-z0-9]*\)$/\1 \2 \2/p'\'''
lt_cv_sys_global_symbol_to_c_name_address='sed -n -e '\''s/^: \([^ ]*\) $/  {\"\1\", (lt_ptr) 0},/p'\'' -e '\''s/^[BCDEGRST] \([^ ]*\) \([^ ]*\)$/  {"\2", (lt_ptr) \&\2},/p'\'''
lt_cv_sys_global_symbol_to_cdecl='sed -n -e '\''s/^. .* \(.*\)$/extern int \1;/p'\'''
lt_cv_sys_lib_dlsearch_path_spec='/lib /usr/lib /lib/arm-linux-gnueabihf /usr/lib/arm-linux-gnueabihf /usr/lib/arm-linux-gnueabihf/mesa-egl /usr/lib/arm-linux-gnueabihf/mesa /usr/local/lib '
lt_cv_sys_lib_search_path_spec='/usr/lib/gcc/arm-linux-gnueabihf/4.6 /usr/lib/arm-linux-gnueabihf /usr/lib /lib/arm-linux-gnueabihf /lib'
lt_cv_sys_max_cmd_len=1572864
lt_lt_cv_prog_compiler_c_o='"yes"'
lt_lt_cv_sys_global_symbol_pipe='"sed -n -e '\''s/^.*[ 	]\\([ABCDGIRSTW][ABCDGIRSTW]*\\)[ 	][ 	]*\\([_A-Za-z][_A-Za-z0-9]*\\)\$/\\1 \\2 \\2/p'\''"'
lt_lt_cv_sys_global_symbol_to_c_name_address='"sed -n -e '\''s/^: \\([^ ]*\\) \$/  {\\\"\\1\\\", (lt_ptr) 0},/p'\'' -e '\''s/^[BCDEGRST] \\([^ ]*\\) \\([^ ]*\\)\$/  {\"\\2\", (lt_ptr) \\&\\2},/p'\''"'
lt_lt_cv_sys_global_symbol_to_cdecl='"sed -n -e '\''s/^. .* \\(.*\\)\$/extern int \\1;/p'\''"'
pkg_cv_XORG_CFLAGS='-fvisibility=hidden -I/usr/include/pixman-1 -I/usr/include/xorg  '
pkg_cv_XORG_LIBS='-lpixman-1 -lpciaccess  '

## ----------------- ##
## Output variables. ##
## ----------------- ##

ACLOCAL='${SHELL} /home/linaro/Documents/tslib-xorg/xf86-input-tslib-0.0.6/missing --run aclocal-1.10'
ADMIN_MAN_DIR='$(mandir)/man$(ADMIN_MAN_SUFFIX)'
ADMIN_MAN_SUFFIX='8'
AMDEPBACKSLASH='\'
AMDEP_FALSE='#'
AMDEP_TRUE=''
AMTAR='${SHELL} /home/linaro/Documents/tslib-xorg/xf86-input-tslib-0.0.6/missing --run tar'
APP_MAN_DIR='$(mandir)/man1'
APP_MAN_SUFFIX='1x'
AR='ar'
AUTOCONF='${SHELL} /home/linaro/Documents/tslib-xorg/xf86-input-tslib-0.0.6/missing --run autoconf'
AUTOHEADER='${SHELL} /home/linaro/Documents/tslib-xorg/xf86-input-tslib-0.0.6/missing --run autoheader'
AUTOMAKE='${SHELL} /home/linaro/Documents/tslib-xorg/xf86-input-tslib-0.0.6/missing --run automake-1.10'
AWK='mawk'
CC='gcc'
CCDEPMODE='depmode=gcc3'
CFLAGS='-g -O2 -fvisibility=hidden -I/usr/include/pixman-1 -I/usr/include/xorg    -I$(top_srcdir)/src'
CPP='gcc -E'
CPPFLAGS=''
CXX='g++'
CXXCPP=''
CXXDEPMODE='depmode=none'
CXXFLAGS=''
CYGPATH_W='echo'
DEFS='-DHAVE_CONFIG_H'
DEPDIR='.deps'
DRIVER_MAN_DIR='$(mandir)/man$(DRIVER_MAN_SUFFIX)'
DRIVER_MAN_SUFFIX='4'
DRIVER_NAME='tslib'
DSYMUTIL=''
ECHO='echo'
ECHO_C=''
ECHO_N='-n'
ECHO_T=''
EGREP='/bin/grep -E'
EXEEXT=''
F77=''
FFLAGS=''
FILE_MAN_DIR='$(mandir)/man5'
FILE_MAN_SUFFIX='5x'
GREP='/bin/grep'
INSTALL_DATA='${INSTALL} -m 644'
INSTALL_PROGRAM='${INSTALL}'
INSTALL_SCRIPT='${INSTALL}'
INSTALL_STRIP_PROGRAM='$(install_sh) -c -s'
LDFLAGS=''
LIBOBJS=''
LIBS='-lts '
LIBTOOL='$(SHELL) $(top_builddir)/libtool'
LIB_MAN_DIR='$(mandir)/man3'
LIB_MAN_SUFFIX='3x'
LN_S='ln -s'
LTLIBOBJS=''
MAINT='#'
MAINTAINER_MODE_FALSE=''
MAINTAINER_MODE_TRUE='#'
MAKEINFO='${SHELL} /home/linaro/Documents/tslib-xorg/xf86-input-tslib-0.0.6/missing --run makeinfo'
MISC_MAN_DIR='$(mandir)/man$(MISC_MAN_SUFFIX)'
MISC_MAN_SUFFIX='7'
NMEDIT=''
OBJEXT='o'
PACKAGE='xf86-input-tslib'
PACKAGE_BUGREPORT='https://bugs.freedesktop.org/enter_bug.cgi?product=xorg'
PACKAGE_NAME='xf86-input-tslib'
PACKAGE_STRING='xf86-input-tslib 0.0.6'
PACKAGE_TARNAME='xf86-input-tslib'
PACKAGE_VERSION='0.0.6'
PATH_SEPARATOR=':'
PKG_CONFIG='/usr/bin/pkg-config'
RANLIB='ranlib'
SED='/bin/sed'
SET_MAKE=''
SHELL='/bin/bash'
STRIP='strip'
VERSION='0.0.6'
XORG_CFLAGS='-fvisibility=hidden -I/usr/include/pixman-1 -I/usr/include/xorg  '
XORG_LIBS='-lpixman-1 -lpciaccess  '
ac_ct_CC='gcc'
ac_ct_CXX=''
ac_ct_F77=''
am__fastdepCC_FALSE='#'
am__fastdepCC_TRUE=''
am__fastdepCXX_FALSE=''
am__fastdepCXX_TRUE='#'
am__include='include'
am__isrc=''
am__leading_dot='.'
am__quote=''
am__tar='${AMTAR} chof - "$$tardir"'
am__untar='${AMTAR} xf -'
bindir='${exec_prefix}/bin'
build='armv7l-unknown-linux-gnueabi'
build_alias=''
build_cpu='armv7l'
build_os='linux-gnueabi'
build_vendor='unknown'
datadir='${datarootdir}'
datarootdir='${prefix}/share'
docdir='${datarootdir}/doc/${PACKAGE_TARNAME}'
dvidir='${docdir}'
exec_prefix='${prefix}'
host='armv7l-unknown-linux-gnueabi'
host_alias=''
host_cpu='armv7l'
host_os='linux-gnueabi'
host_vendor='unknown'
htmldir='${docdir}'
includedir='${prefix}/include'
infodir='${datarootdir}/info'
inputdir='${exec_prefix}/lib/xorg/modules/input'
install_sh='$(SHELL) /home/linaro/Documents/tslib-xorg/xf86-input-tslib-0.0.6/install-sh'
libdir='${exec_prefix}/lib'
libexecdir='${exec_prefix}/libexec'
localedir='${datarootdir}/locale'
localstatedir='${prefix}/var'
mandir='${datarootdir}/man'
mkdir_p='/bin/mkdir -p'
oldincludedir='/usr/include'
pdfdir='${docdir}'
prefix='/usr/local'
program_transform_name='s,x,x,'
psdir='${docdir}'
sbindir='${exec_prefix}/sbin'
sharedstatedir='${prefix}/com'
sysconfdir='${prefix}/etc'
target_alias=''

## ----------- ##
## confdefs.h. ##
## ----------- ##

#define PACKAGE_NAME "xf86-input-tslib"
#define PACKAGE_TARNAME "xf86-input-tslib"
#define PACKAGE_VERSION "0.0.6"
#define PACKAGE_STRING "xf86-input-tslib 0.0.6"
#define PACKAGE_BUGREPORT "https://bugs.freedesktop.org/enter_bug.cgi?product=xorg"
#define PACKAGE "xf86-input-tslib"
#define VERSION "0.0.6"
#define STDC_HEADERS 1
#define HAVE_SYS_TYPES_H 1
#define HAVE_SYS_STAT_H 1
#define HAVE_STDLIB_H 1
#define HAVE_STRING_H 1
#define HAVE_MEMORY_H 1
#define HAVE_STRINGS_H 1
#define HAVE_INTTYPES_H 1
#define HAVE_STDINT_H 1
#define HAVE_UNISTD_H 1
#define HAVE_DLFCN_H 1
#define HAVE_LIBTS 1
#define STDC_HEADERS 1

configure: exit 0
